<?xml version="1.0" encoding="UTF-8"?>
<!-- Generated by org.testng.reporters.JUnitReportReporter -->
<testsuite hostname="BALAJI-BASS" failures="0" tests="3" name="com.base.TestRunner" time="36.972" errors="0" timestamp="2024-03-12T17:51:03 IST" skipped="0">
  <testcase classname="com.base.TestRunner" name="searchValidation" time="12.949"/>
  <system-out/>
  <testcase classname="com.base.TestRunner" name="searchValidation" time="11.444"/>
  <system-out/>
  <testcase classname="com.base.TestRunner" name="searchValidation" time="12.579"/>
  <system-out/>
</testsuite> <!-- com.base.TestRunner -->
