<?xml version="1.0" encoding="UTF-8"?>
<!-- Generated by org.testng.reporters.JUnitReportReporter -->
<testsuite hostname="BALAJI-BASS" failures="0" tests="12" name="com.test.TestRunnerPerisera" time="165.459" errors="0" timestamp="2024-03-13T20:27:22 IST" skipped="0">
  <testcase classname="com.test.TestRunnerPerisera" name="SearchItems4" time="15.104"/>
  <system-out/>
  <testcase classname="com.test.TestRunnerPerisera" name="SearchItems4" time="12.725"/>
  <system-out/>
  <testcase classname="com.test.TestRunnerPerisera" name="SearchItems4" time="13.684"/>
  <system-out/>
  <testcase classname="com.test.TestRunnerPerisera" name="SearchItems4" time="15.988"/>
  <system-out/>
  <testcase classname="com.test.TestRunnerPerisera" name="SearchItems4" time="14.534"/>
  <system-out/>
  <testcase classname="com.test.TestRunnerPerisera" name="SearchItems4" time="12.476"/>
  <system-out/>
  <testcase classname="com.test.TestRunnerPerisera" name="SearchItems4" time="13.374"/>
  <system-out/>
  <testcase classname="com.test.TestRunnerPerisera" name="SearchItems4" time="13.708"/>
  <system-out/>
  <testcase classname="com.test.TestRunnerPerisera" name="SearchItems4" time="12.451"/>
  <system-out/>
  <testcase classname="com.test.TestRunnerPerisera" name="SearchItems4" time="14.489"/>
  <system-out/>
  <testcase classname="com.test.TestRunnerPerisera" name="SearchItems4" time="13.795"/>
  <system-out/>
  <testcase classname="com.test.TestRunnerPerisera" name="SearchItems4" time="13.131"/>
  <system-out/>
</testsuite> <!-- com.test.TestRunnerPerisera -->
