<?xml version="1.0" encoding="UTF-8"?>
<!-- Generated by org.testng.reporters.JUnitReportReporter -->
<testsuite hostname="BALAJI-BASS" failures="0" tests="2" name="Base" time="7.758" errors="0" timestamp="2022-05-12T11:38:14 IST" skipped="0">
  <testcase classname="Base" name="HomePageValidation" time="0.018"/>
  <system-out/>
  <testcase classname="Base" name="loginPageValidation" time="7.740"/>
  <system-out/>
</testsuite> <!-- Base -->
