<?xml version="1.0" encoding="UTF-8"?>
<!-- Generated by org.testng.reporters.JUnitReportReporter -->
<testsuite hostname="BALAJI-BASS" failures="0" tests="1" name="com.bala.Test.LoginIRCTCTest" time="6.151" errors="0" timestamp="2022-04-15T22:06:13 IST" skipped="0">
  <testcase classname="com.bala.Test.LoginIRCTCTest" name="pageLaunch" time="6.151"/>
  <system-out/>
</testsuite> <!-- com.bala.Test.LoginIRCTCTest -->
