<?xml version="1.0" encoding="UTF-8"?>
<!-- Generated by org.testng.reporters.JUnitReportReporter -->
<testsuite hostname="BALAJI-BASS" failures="0" tests="1" name="com.bala.Test.LoginGoogle" time="6.340" errors="0" timestamp="2022-04-16T15:25:19 IST" skipped="0">
  <testcase classname="com.bala.Test.LoginGoogle" name="pageLaunch" time="6.340"/>
  <system-out/>
</testsuite> <!-- com.bala.Test.LoginGoogle -->
