<?xml version="1.0" encoding="UTF-8"?>
<!-- Generated by org.testng.reporters.JUnitReportReporter -->
<testsuite hostname="BALAJI-BASS" failures="0" tests="1" name="com.base.TestRunner" time="12.669" errors="0" timestamp="2024-03-12T16:35:04 IST" skipped="0">
  <testcase classname="com.base.TestRunner" name="loginPageValidation" time="12.669"/>
  <system-out/>
</testsuite> <!-- com.base.TestRunner -->
